build/app/intermediates/manifest_merge_blame_file/debug/manifest-merger-blame-debug-report.txt
1<?xml version="1.0" encoding="utf-8"?>
2<manifest xmlns:android="http://schemas.android.com/apk/res/android"
3    package="com.example.busao_app"
4    android:versionCode="1"
5    android:versionName="1.0.0" >
6
7    <uses-sdk
8        android:minSdkVersion="20"
9        android:targetSdkVersion="30" />
10    <!--
11         The INTERNET permission is required for development. Specifically,
12         the Flutter tool needs it to communicate with the running application
13         to allow setting breakpoints, to provide hot reload, etc.
14    -->
15    <uses-permission android:name="android.permission.INTERNET" />
15-->src\debug\AndroidManifest.xml:6:5-66
15-->src\debug\AndroidManifest.xml:6:22-64
16    <uses-permission android:name="android.permission.ACCESS_FINE_LOCATION" />
16-->src\main\AndroidManifest.xml:3:5-79
16-->src\main\AndroidManifest.xml:3:22-76
17    <uses-permission android:name="android.permission.ACCESS_FINE_LOCATION" />
17-->src\main\AndroidManifest.xml:3:5-79
17-->src\main\AndroidManifest.xml:3:22-76
18    <uses-permission android:name="android.permission.ACCESS_COARSE_LOCATION" />
18-->src\main\AndroidManifest.xml:38:5-81
18-->src\main\AndroidManifest.xml:38:22-78
19    <uses-permission android:name="android.permission.ACCESS_BACKGROUND_LOCATION" />
19-->src\main\AndroidManifest.xml:39:5-85
19-->src\main\AndroidManifest.xml:39:22-82
20    <uses-permission android:name="android.permission.FOREGROUND_SERVICE" /> <!-- Include required permissions for Google Maps API to run. -->
20-->[:geolocator_android] AndroidManifest.xml:9:5-77
20-->[:geolocator_android] AndroidManifest.xml:9:22-74
21    <uses-permission android:name="android.permission.ACCESS_NETWORK_STATE" />
21-->[com.google.android.gms:play-services-maps:18.1.0] AndroidManifest.xml:23:5-79
21-->[com.google.android.gms:play-services-maps:18.1.0] AndroidManifest.xml:23:22-76
22
23    <uses-feature
23-->[com.google.android.gms:play-services-maps:18.1.0] AndroidManifest.xml:26:5-28:35
24        android:glEsVersion="0x00020000"
24-->[com.google.android.gms:play-services-maps:18.1.0] AndroidManifest.xml:27:9-41
25        android:required="true" />
25-->[com.google.android.gms:play-services-maps:18.1.0] AndroidManifest.xml:28:9-32
26
27    <queries>
27-->[com.google.android.gms:play-services-maps:18.1.0] AndroidManifest.xml:30:5-34:15
28
29        <!-- Needs to be explicitly declared on Android R+ -->
30        <package android:name="com.google.android.apps.maps" />
30-->[com.google.android.gms:play-services-maps:18.1.0] AndroidManifest.xml:33:9-64
30-->[com.google.android.gms:play-services-maps:18.1.0] AndroidManifest.xml:33:18-61
31    </queries>
32
33    <permission
33-->[androidx.core:core:1.9.0] AndroidManifest.xml:22:5-24:47
34        android:name="com.example.busao_app.DYNAMIC_RECEIVER_NOT_EXPORTED_PERMISSION"
34-->[androidx.core:core:1.9.0] AndroidManifest.xml:23:9-81
35        android:protectionLevel="signature" />
35-->[androidx.core:core:1.9.0] AndroidManifest.xml:24:9-44
36
37    <uses-permission android:name="com.example.busao_app.DYNAMIC_RECEIVER_NOT_EXPORTED_PERMISSION" />
37-->[androidx.core:core:1.9.0] AndroidManifest.xml:26:5-97
37-->[androidx.core:core:1.9.0] AndroidManifest.xml:26:22-94
38
39    <application
39-->src\main\AndroidManifest.xml:5:5-36:19
40        android:appComponentFactory="androidx.core.app.CoreComponentFactory"
40-->[androidx.core:core:1.9.0] AndroidManifest.xml:28:18-86
41        android:debuggable="true"
42        android:icon="@mipmap/ic_launcher"
42-->src\main\AndroidManifest.xml:7:9-43
43        android:label="google_maps_in_flutter" >
43-->src\main\AndroidManifest.xml:6:9-47
44
45        <!-- TODO: Add your Google Maps API key here -->
46        <meta-data
46-->src\main\AndroidManifest.xml:10:9-11:73
47            android:name="com.google.android.geo.API_KEY"
47-->src\main\AndroidManifest.xml:10:20-65
48            android:value="AIzaSyAs2WRg24i3QkVKpaQ9G3WfBOmnGzSxVO0" />
48-->src\main\AndroidManifest.xml:11:16-71
49
50        <activity
50-->src\main\AndroidManifest.xml:13:9-32:20
51            android:name="com.example.busao_app.MainActivity"
51-->src\main\AndroidManifest.xml:14:13-41
52            android:configChanges="orientation|keyboardHidden|keyboard|screenSize|smallestScreenSize|locale|layoutDirection|fontScale|screenLayout|density|uiMode"
52-->src\main\AndroidManifest.xml:17:13-163
53            android:hardwareAccelerated="true"
53-->src\main\AndroidManifest.xml:18:13-47
54            android:launchMode="singleTop"
54-->src\main\AndroidManifest.xml:15:13-43
55            android:theme="@style/LaunchTheme"
55-->src\main\AndroidManifest.xml:16:13-47
56            android:windowSoftInputMode="adjustResize" >
56-->src\main\AndroidManifest.xml:19:13-55
57            <meta-data
57-->src\main\AndroidManifest.xml:20:13-23:17
58                android:name="io.flutter.embedding.android.NormalTheme"
58-->src\main\AndroidManifest.xml:21:15-70
59                android:resource="@style/NormalTheme" />
59-->src\main\AndroidManifest.xml:22:15-52
60            <meta-data
60-->src\main\AndroidManifest.xml:24:13-27:17
61                android:name="io.flutter.embedding.android.SplashScreenDrawable"
61-->src\main\AndroidManifest.xml:25:15-79
62                android:resource="@drawable/launch_background" />
62-->src\main\AndroidManifest.xml:26:15-61
63
64            <intent-filter>
64-->src\main\AndroidManifest.xml:28:13-31:29
65                <action android:name="android.intent.action.MAIN" />
65-->src\main\AndroidManifest.xml:29:17-68
65-->src\main\AndroidManifest.xml:29:25-66
66
67                <category android:name="android.intent.category.LAUNCHER" />
67-->src\main\AndroidManifest.xml:30:17-76
67-->src\main\AndroidManifest.xml:30:27-74
68            </intent-filter>
69        </activity>
70
71        <meta-data
71-->src\main\AndroidManifest.xml:33:9-35:33
72            android:name="flutterEmbedding"
72-->src\main\AndroidManifest.xml:34:13-44
73            android:value="2" />
73-->src\main\AndroidManifest.xml:35:13-30
74
75        <service
75-->[:geolocator_android] AndroidManifest.xml:12:9-16:56
76            android:name="com.baseflow.geolocator.GeolocatorLocationService"
76-->[:geolocator_android] AndroidManifest.xml:13:13-77
77            android:enabled="true"
77-->[:geolocator_android] AndroidManifest.xml:14:13-35
78            android:exported="false"
78-->[:geolocator_android] AndroidManifest.xml:15:13-37
79            android:foregroundServiceType="location" />
79-->[:geolocator_android] AndroidManifest.xml:16:13-53
80
81        <uses-library
81-->[androidx.window:window:1.0.0-beta04] AndroidManifest.xml:25:9-27:40
82            android:name="androidx.window.extensions"
82-->[androidx.window:window:1.0.0-beta04] AndroidManifest.xml:26:13-54
83            android:required="false" />
83-->[androidx.window:window:1.0.0-beta04] AndroidManifest.xml:27:13-37
84        <uses-library
84-->[androidx.window:window:1.0.0-beta04] AndroidManifest.xml:28:9-30:40
85            android:name="androidx.window.sidecar"
85-->[androidx.window:window:1.0.0-beta04] AndroidManifest.xml:29:13-51
86            android:required="false" /> <!-- Needs to be explicitly declared on P+ -->
86-->[androidx.window:window:1.0.0-beta04] AndroidManifest.xml:30:13-37
87        <uses-library
87-->[com.google.android.gms:play-services-maps:18.1.0] AndroidManifest.xml:39:9-41:40
88            android:name="org.apache.http.legacy"
88-->[com.google.android.gms:play-services-maps:18.1.0] AndroidManifest.xml:40:13-50
89            android:required="false" />
89-->[com.google.android.gms:play-services-maps:18.1.0] AndroidManifest.xml:41:13-37
90
91        <activity
91-->[com.google.android.gms:play-services-base:18.1.0] AndroidManifest.xml:20:9-22:45
92            android:name="com.google.android.gms.common.api.GoogleApiActivity"
92-->[com.google.android.gms:play-services-base:18.1.0] AndroidManifest.xml:20:19-85
93            android:exported="false"
93-->[com.google.android.gms:play-services-base:18.1.0] AndroidManifest.xml:22:19-43
94            android:theme="@android:style/Theme.Translucent.NoTitleBar" />
94-->[com.google.android.gms:play-services-base:18.1.0] AndroidManifest.xml:21:19-78
95
96        <meta-data
96-->[com.google.android.gms:play-services-basement:18.1.0] AndroidManifest.xml:21:9-23:69
97            android:name="com.google.android.gms.version"
97-->[com.google.android.gms:play-services-basement:18.1.0] AndroidManifest.xml:22:13-58
98            android:value="@integer/google_play_services_version" />
98-->[com.google.android.gms:play-services-basement:18.1.0] AndroidManifest.xml:23:13-66
99    </application>
100
101</manifest>